                                %%%%%%%%%%%%%%%
                           %%%%%%%%%%%%%%%%%%%%%%%%
                        %%%%%%%%%%%%%%%%%%%%%%%%%%%%%%
                      %%%%%%%%%%%%%%%%%%%%%%%%%%%%%%%%%%
                    %%%%%%%%%%%%%%%%%%%%%%%%%%%%%%%%%%%%%%
                   %%%%%%%%%%%%%%%%%%%%%%%%%%%%%%%%%%%%%%%%
                                    %%%%%%%%%%%%%%%%%%%%%%%%
                                     %%%%%%%%%%%%%%%%%%%%%%%%
                 ###############      %%%%%%%%%%%%%%%%%%%%%%%%
                ##################     %%%%%%%%%%%%%%%%%%%%%%%
                ###################     %%%%%%%%%%%%%%%%%%%%%%%
                ####################     %%%%%%%%%%%%%%%%%%%%%%
                #####################     %%%%%%%%%%%%%%%%%%%%%
                ######################     %%%%%%%%%%%%%%%%%%%%
                #######################     %%%%%%%%%%%%%%%%%%
                 #######################     %%%%%%%%%%%%%%%%%
                 ######################     %%%%%%%%%%%%%%%%%
                  ####################     %%%%%%%%%%%%%%%%%
                    #################     %%%%%%%%%%%%%%%%%
                     ###############     %%%%%%%%%%%%%%%%
                       ############     %%%%%%%%%%%%%%%
                          ########     %%%%%%%%%%%%%%
                                      %%%%%%%%%%%

                 | The OpenMC Monte Carlo Code
       Copyright | 2011-2025 MIT, UChicago Argonne LLC, and contributors
         License | https://docs.openmc.org/en/latest/license.html
         Version | 0.15.2
     Commit Hash | e23760b0264c66fb7bb373aa0596801e5209d920
       Date/Time | 2025-07-17 12:52:48
   MPI Processes | 1
  OpenMP Threads | 32

 Reading settings XML file...
 Reading cross sections HDF5 file...
 Reading materials XML file...
 Reading geometry XML file...
 Loading cross section data...
 Loading UO2 3% data...
 Loading Water data...
 Loading Guide Tube data...
 Loading BA (UO2 FA) data...
 Reading tallies XML file...
 Preparing distributed cell instances...
 Reading plot XML file...
 Writing summary.h5 file...
 Initializing source particles...

 ====================>     K EIGENVALUE SIMULATION     <====================

  Bat./Gen.      k            Average k
  =========   ========   ====================
        1/1    0.83634
        2/1    0.83939
        3/1    0.83788
        4/1    0.84050
        5/1    0.84120
        6/1    0.83842
        7/1    0.83778
        8/1    0.83902
        9/1    0.83861
       10/1    0.84045
       11/1    0.83827
       12/1    0.83792
       13/1    0.83797
       14/1    0.83903
       15/1    0.83983
       16/1    0.83696
       17/1    0.84017
       18/1    0.84010
       19/1    0.84030
       20/1    0.83849
       21/1    0.83832
       22/1    0.84144
       23/1    0.83950
       24/1    0.83699
       25/1    0.83915
       26/1    0.83867
       27/1    0.83853
       28/1    0.83881
       29/1    0.83823
       30/1    0.83964
       31/1    0.84015
       32/1    0.83653
       33/1    0.83965
       34/1    0.83759
       35/1    0.83860
       36/1    0.84003
       37/1    0.83602
       38/1    0.83709
       39/1    0.83891
       40/1    0.83933
       41/1    0.83950
       42/1    0.83991
       43/1    0.83932
       44/1    0.83988
       45/1    0.83956
       46/1    0.83910
       47/1    0.84172
       48/1    0.83918
       49/1    0.83853
       50/1    0.83991
       51/1    0.84172
       52/1    0.84121    0.84146 +/- 0.00025
       53/1    0.84400    0.84231 +/- 0.00086
       54/1    0.84069    0.84190 +/- 0.00073
       55/1    0.83696    0.84092 +/- 0.00114
       56/1    0.83851    0.84051 +/- 0.00101
       57/1    0.84060    0.84053 +/- 0.00086
       58/1    0.83846    0.84027 +/- 0.00078
       59/1    0.83818    0.84004 +/- 0.00073
       60/1    0.83773    0.83981 +/- 0.00069
       61/1    0.84101    0.83992 +/- 0.00064
       62/1    0.83595    0.83958 +/- 0.00067
       63/1    0.83845    0.83950 +/- 0.00062
       64/1    0.83941    0.83949 +/- 0.00057
       65/1    0.84006    0.83953 +/- 0.00054
       66/1    0.83851    0.83947 +/- 0.00051
       67/1    0.83876    0.83942 +/- 0.00048
       68/1    0.83984    0.83945 +/- 0.00045
       69/1    0.84118    0.83954 +/- 0.00044
       70/1    0.83776    0.83945 +/- 0.00042
       71/1    0.83969    0.83946 +/- 0.00040
       72/1    0.83929    0.83945 +/- 0.00038
       73/1    0.84044    0.83950 +/- 0.00037
       74/1    0.83995    0.83952 +/- 0.00035
       75/1    0.84043    0.83955 +/- 0.00034
       76/1    0.83856    0.83951 +/- 0.00033
       77/1    0.83948    0.83951 +/- 0.00032
       78/1    0.83968    0.83952 +/- 0.00031
       79/1    0.83908    0.83950 +/- 0.00030
       80/1    0.83868    0.83948 +/- 0.00029
       81/1    0.83925    0.83947 +/- 0.00028
       82/1    0.83931    0.83946 +/- 0.00027
       83/1    0.83837    0.83943 +/- 0.00026
       84/1    0.83999    0.83945 +/- 0.00026
       85/1    0.83948    0.83945 +/- 0.00025
       86/1    0.84014    0.83947 +/- 0.00024
       87/1    0.83999    0.83948 +/- 0.00024
       88/1    0.83900    0.83947 +/- 0.00023
       89/1    0.83945    0.83947 +/- 0.00022
       90/1    0.84125    0.83951 +/- 0.00022
       91/1    0.83868    0.83949 +/- 0.00022
       92/1    0.83890    0.83948 +/- 0.00021
       93/1    0.83799    0.83944 +/- 0.00021
       94/1    0.83917    0.83944 +/- 0.00021
       95/1    0.83919    0.83943 +/- 0.00020
       96/1    0.84067    0.83946 +/- 0.00020
       97/1    0.83897    0.83945 +/- 0.00020
       98/1    0.83938    0.83945 +/- 0.00019
       99/1    0.84067    0.83947 +/- 0.00019
      100/1    0.84041    0.83949 +/- 0.00019
      101/1    0.84166    0.83953 +/- 0.00019
      102/1    0.83633    0.83947 +/- 0.00019
      103/1    0.84040    0.83949 +/- 0.00019
      104/1    0.83833    0.83947 +/- 0.00019
      105/1    0.84095    0.83949 +/- 0.00019
      106/1    0.84185    0.83954 +/- 0.00019
      107/1    0.83961    0.83954 +/- 0.00018
      108/1    0.83997    0.83955 +/- 0.00018
      109/1    0.84298    0.83960 +/- 0.00019
      110/1    0.84057    0.83962 +/- 0.00019
      111/1    0.84016    0.83963 +/- 0.00018
      112/1    0.83974    0.83963 +/- 0.00018
      113/1    0.84012    0.83964 +/- 0.00018
      114/1    0.84016    0.83965 +/- 0.00017
      115/1    0.83585    0.83959 +/- 0.00018
      116/1    0.84218    0.83963 +/- 0.00018
      117/1    0.83777    0.83960 +/- 0.00018
      118/1    0.84138    0.83963 +/- 0.00018
      119/1    0.83775    0.83960 +/- 0.00018
      120/1    0.83761    0.83957 +/- 0.00018
      121/1    0.83972    0.83957 +/- 0.00018
      122/1    0.83968    0.83957 +/- 0.00018
      123/1    0.83777    0.83955 +/- 0.00017
      124/1    0.83744    0.83952 +/- 0.00017
      125/1    0.84020    0.83953 +/- 0.00017
      126/1    0.83899    0.83952 +/- 0.00017
      127/1    0.83993    0.83953 +/- 0.00017
      128/1    0.83961    0.83953 +/- 0.00017
      129/1    0.83804    0.83951 +/- 0.00017
      130/1    0.83956    0.83951 +/- 0.00016
      131/1    0.83958    0.83951 +/- 0.00016
      132/1    0.83916    0.83951 +/- 0.00016
      133/1    0.84119    0.83953 +/- 0.00016
      134/1    0.84012    0.83953 +/- 0.00016
      135/1    0.83778    0.83951 +/- 0.00016
      136/1    0.83965    0.83952 +/- 0.00015
      137/1    0.83761    0.83949 +/- 0.00015
      138/1    0.83923    0.83949 +/- 0.00015
      139/1    0.83864    0.83948 +/- 0.00015
      140/1    0.83970    0.83948 +/- 0.00015
      141/1    0.83875    0.83948 +/- 0.00015
      142/1    0.83843    0.83946 +/- 0.00015
      143/1    0.84051    0.83948 +/- 0.00015
      144/1    0.83842    0.83946 +/- 0.00014
      145/1    0.83703    0.83944 +/- 0.00015
      146/1    0.84005    0.83944 +/- 0.00014
      147/1    0.84026    0.83945 +/- 0.00014
      148/1    0.83750    0.83943 +/- 0.00014
      149/1    0.84058    0.83944 +/- 0.00014
      150/1    0.84188    0.83947 +/- 0.00014
      151/1    0.83913    0.83947 +/- 0.00014
      152/1    0.83816    0.83945 +/- 0.00014
      153/1    0.83850    0.83944 +/- 0.00014
      154/1    0.84015    0.83945 +/- 0.00014
      155/1    0.83705    0.83943 +/- 0.00014
      156/1    0.83905    0.83942 +/- 0.00014
      157/1    0.84020    0.83943 +/- 0.00014
      158/1    0.83973    0.83943 +/- 0.00013
      159/1    0.84100    0.83945 +/- 0.00013
      160/1    0.84070    0.83946 +/- 0.00013
      161/1    0.83807    0.83945 +/- 0.00013
      162/1    0.84151    0.83947 +/- 0.00013
      163/1    0.83943    0.83947 +/- 0.00013
      164/1    0.83996    0.83947 +/- 0.00013
      165/1    0.83870    0.83946 +/- 0.00013
      166/1    0.84076    0.83947 +/- 0.00013
      167/1    0.83942    0.83947 +/- 0.00013
      168/1    0.84228    0.83950 +/- 0.00013
      169/1    0.84059    0.83951 +/- 0.00013
      170/1    0.83962    0.83951 +/- 0.00013
      171/1    0.83883    0.83950 +/- 0.00013
      172/1    0.84051    0.83951 +/- 0.00013
      173/1    0.83841    0.83950 +/- 0.00012
      174/1    0.83977    0.83950 +/- 0.00012
      175/1    0.83907    0.83950 +/- 0.00012
      176/1    0.84131    0.83951 +/- 0.00012
      177/1    0.83868    0.83951 +/- 0.00012
      178/1    0.84080    0.83952 +/- 0.00012
      179/1    0.83836    0.83951 +/- 0.00012
      180/1    0.84090    0.83952 +/- 0.00012
      181/1    0.84024    0.83953 +/- 0.00012
      182/1    0.84012    0.83953 +/- 0.00012
      183/1    0.83932    0.83953 +/- 0.00012
      184/1    0.83962    0.83953 +/- 0.00012
      185/1    0.84284    0.83955 +/- 0.00012
      186/1    0.84044    0.83956 +/- 0.00012
      187/1    0.84030    0.83957 +/- 0.00012
      188/1    0.84077    0.83957 +/- 0.00012
      189/1    0.83846    0.83957 +/- 0.00012
      190/1    0.84123    0.83958 +/- 0.00012
      191/1    0.83962    0.83958 +/- 0.00012
      192/1    0.84107    0.83959 +/- 0.00011
      193/1    0.84048    0.83959 +/- 0.00011
      194/1    0.83984    0.83960 +/- 0.00011
      195/1    0.83892    0.83959 +/- 0.00011
      196/1    0.83816    0.83958 +/- 0.00011
      197/1    0.83841    0.83957 +/- 0.00011
      198/1    0.83713    0.83956 +/- 0.00011
      199/1    0.84015    0.83956 +/- 0.00011
      200/1    0.83913    0.83956 +/- 0.00011
      201/1    0.84086    0.83957 +/- 0.00011
      202/1    0.84030    0.83957 +/- 0.00011
      203/1    0.83840    0.83956 +/- 0.00011
      204/1    0.83886    0.83956 +/- 0.00011
      205/1    0.84009    0.83956 +/- 0.00011
      206/1    0.83909    0.83956 +/- 0.00011
      207/1    0.84009    0.83956 +/- 0.00011
      208/1    0.84238    0.83958 +/- 0.00011
      209/1    0.83985    0.83958 +/- 0.00011
      210/1    0.83753    0.83957 +/- 0.00011
      211/1    0.84094    0.83958 +/- 0.00011
      212/1    0.83684    0.83956 +/- 0.00011
      213/1    0.83847    0.83956 +/- 0.00011
      214/1    0.83732    0.83954 +/- 0.00011
      215/1    0.84009    0.83954 +/- 0.00011
      216/1    0.83923    0.83954 +/- 0.00011
      217/1    0.83967    0.83954 +/- 0.00011
      218/1    0.83685    0.83953 +/- 0.00011
      219/1    0.83844    0.83952 +/- 0.00011
      220/1    0.83860    0.83952 +/- 0.00011
      221/1    0.83857    0.83951 +/- 0.00010
      222/1    0.83875    0.83951 +/- 0.00010
      223/1    0.83867    0.83950 +/- 0.00010
      224/1    0.84049    0.83951 +/- 0.00010
      225/1    0.84001    0.83951 +/- 0.00010
      226/1    0.83884    0.83951 +/- 0.00010
      227/1    0.83878    0.83950 +/- 0.00010
      228/1    0.83824    0.83949 +/- 0.00010
      229/1    0.83910    0.83949 +/- 0.00010
      230/1    0.83940    0.83949 +/- 0.00010
      231/1    0.84027    0.83950 +/- 0.00010
      232/1    0.83737    0.83948 +/- 0.00010
      233/1    0.83875    0.83948 +/- 0.00010
      234/1    0.83803    0.83947 +/- 0.00010
      235/1    0.83944    0.83947 +/- 0.00010
      236/1    0.83844    0.83947 +/- 0.00010
      237/1    0.83641    0.83945 +/- 0.00010
      238/1    0.83912    0.83945 +/- 0.00010
      239/1    0.83852    0.83944 +/- 0.00010
      240/1    0.83898    0.83944 +/- 0.00010
      241/1    0.84082    0.83945 +/- 0.00010
      242/1    0.83957    0.83945 +/- 0.00010
      243/1    0.83984    0.83945 +/- 0.00010
      244/1    0.83933    0.83945 +/- 0.00010
      245/1    0.84086    0.83946 +/- 0.00010
      246/1    0.84027    0.83946 +/- 0.00010
      247/1    0.84142    0.83947 +/- 0.00010
      248/1    0.83833    0.83947 +/- 0.00010
      249/1    0.83985    0.83947 +/- 0.00009
      250/1    0.83888    0.83946 +/- 0.00009
      251/1    0.83841    0.83946 +/- 0.00009
      252/1    0.84014    0.83946 +/- 0.00009
      253/1    0.84029    0.83947 +/- 0.00009
      254/1    0.83876    0.83946 +/- 0.00009
      255/1    0.83991    0.83947 +/- 0.00009
      256/1    0.83973    0.83947 +/- 0.00009
      257/1    0.83887    0.83946 +/- 0.00009
      258/1    0.83879    0.83946 +/- 0.00009
      259/1    0.83806    0.83945 +/- 0.00009
      260/1    0.83905    0.83945 +/- 0.00009
      261/1    0.83856    0.83945 +/- 0.00009
      262/1    0.83755    0.83944 +/- 0.00009
      263/1    0.83874    0.83944 +/- 0.00009
      264/1    0.84035    0.83944 +/- 0.00009
      265/1    0.83870    0.83944 +/- 0.00009
      266/1    0.83870    0.83943 +/- 0.00009
      267/1    0.83950    0.83943 +/- 0.00009
      268/1    0.83994    0.83944 +/- 0.00009
      269/1    0.83832    0.83943 +/- 0.00009
      270/1    0.83950    0.83943 +/- 0.00009
      271/1    0.83901    0.83943 +/- 0.00009
      272/1    0.84045    0.83943 +/- 0.00009
      273/1    0.83874    0.83943 +/- 0.00009
      274/1    0.83966    0.83943 +/- 0.00009
      275/1    0.84025    0.83944 +/- 0.00009
      276/1    0.84063    0.83944 +/- 0.00009
      277/1    0.84125    0.83945 +/- 0.00009
      278/1    0.83756    0.83944 +/- 0.00009
      279/1    0.83752    0.83943 +/- 0.00009
      280/1    0.83831    0.83943 +/- 0.00009
      281/1    0.84021    0.83943 +/- 0.00008
      282/1    0.83823    0.83943 +/- 0.00008
      283/1    0.83818    0.83942 +/- 0.00008
      284/1    0.83969    0.83942 +/- 0.00008
      285/1    0.83866    0.83942 +/- 0.00008
      286/1    0.83811    0.83941 +/- 0.00008
      287/1    0.84130    0.83942 +/- 0.00008
      288/1    0.83727    0.83941 +/- 0.00008
      289/1    0.83874    0.83941 +/- 0.00008
      290/1    0.84012    0.83941 +/- 0.00008
      291/1    0.83779    0.83940 +/- 0.00008
      292/1    0.84031    0.83941 +/- 0.00008
      293/1    0.84014    0.83941 +/- 0.00008
      294/1    0.83881    0.83941 +/- 0.00008
 WARNING: Couldn't find particle after reflecting from surface 12.
      295/1    0.83882    0.83941 +/- 0.00008
      296/1    0.83944    0.83941 +/- 0.00008
      297/1    0.83825    0.83940 +/- 0.00008
      298/1    0.83909    0.83940 +/- 0.00008
      299/1    0.84015    0.83940 +/- 0.00008
      300/1    0.84142    0.83941 +/- 0.00008
 Creating state point statepoint.300.h5...

 =======================>     TIMING STATISTICS     <=======================

 Total time for initialization     = 1.0598e-02 seconds
   Reading cross sections          = 3.1949e-03 seconds
 Total time in simulation          = 5.5123e+03 seconds
   Time in transport only          = 5.4837e+03 seconds
   Time in inactive batches        = 1.4927e+02 seconds
   Time in active batches          = 5.3630e+03 seconds
   Time synchronizing fission bank = 2.1931e+01 seconds
     Sampling source sites         = 2.1151e+01 seconds
     SEND/RECV source sites        = 7.7905e-01 seconds
   Time accumulating tallies       = 1.1748e-01 seconds
   Time writing statepoints        = 3.3318e-02 seconds
 Total time for finalization       = 8.1435e-02 seconds
 Total time elapsed                = 5.5125e+03 seconds
 Calculation Rate (inactive)       = 167485 particles/second
 Calculation Rate (active)         = 23307.9 particles/second

 ============================>     RESULTS     <============================

 k-effective (Collision)     = 0.83939 +/- 0.00008
 k-effective (Track-length)  = 0.83941 +/- 0.00008
 k-effective (Absorption)    = 0.83943 +/- 0.00007
 Combined k-effective        = 0.83942 +/- 0.00006
 Leakage Fraction            = 0.00000 +/- 0.00000
