                                %%%%%%%%%%%%%%%
                           %%%%%%%%%%%%%%%%%%%%%%%%
                        %%%%%%%%%%%%%%%%%%%%%%%%%%%%%%
                      %%%%%%%%%%%%%%%%%%%%%%%%%%%%%%%%%%
                    %%%%%%%%%%%%%%%%%%%%%%%%%%%%%%%%%%%%%%
                   %%%%%%%%%%%%%%%%%%%%%%%%%%%%%%%%%%%%%%%%
                                    %%%%%%%%%%%%%%%%%%%%%%%%
                                     %%%%%%%%%%%%%%%%%%%%%%%%
                 ###############      %%%%%%%%%%%%%%%%%%%%%%%%
                ##################     %%%%%%%%%%%%%%%%%%%%%%%
                ###################     %%%%%%%%%%%%%%%%%%%%%%%
                ####################     %%%%%%%%%%%%%%%%%%%%%%
                #####################     %%%%%%%%%%%%%%%%%%%%%
                ######################     %%%%%%%%%%%%%%%%%%%%
                #######################     %%%%%%%%%%%%%%%%%%
                 #######################     %%%%%%%%%%%%%%%%%
                 ######################     %%%%%%%%%%%%%%%%%
                  ####################     %%%%%%%%%%%%%%%%%
                    #################     %%%%%%%%%%%%%%%%%
                     ###############     %%%%%%%%%%%%%%%%
                       ############     %%%%%%%%%%%%%%%
                          ########     %%%%%%%%%%%%%%
                                      %%%%%%%%%%%

                 | The OpenMC Monte Carlo Code
       Copyright | 2011-2025 MIT, UChicago Argonne LLC, and contributors
         License | https://docs.openmc.org/en/latest/license.html
         Version | 0.15.2
     Commit Hash | e23760b0264c66fb7bb373aa0596801e5209d920
       Date/Time | 2025-07-17 16:34:42
   MPI Processes | 1
  OpenMP Threads | 32

 Reading settings XML file...
 Reading cross sections HDF5 file...
 Reading materials XML file...
 Reading geometry XML file...
 Loading cross section data...
 Loading UO2 3% data...
 Loading Water data...
 Loading Guide Tube data...
 Loading Gas data...
 Reading tallies XML file...
 Preparing distributed cell instances...
 Reading plot XML file...
 Writing summary.h5 file...
 Initializing source particles...

 ====================>     K EIGENVALUE SIMULATION     <====================

  Bat./Gen.      k            Average k
  =========   ========   ====================
        1/1    1.25071
        2/1    1.25803
        3/1    1.25910
        4/1    1.26026
        5/1    1.25902
 WARNING: After particle 247028 crossed surface 7 it could not be located in any
          cell and it did not leak.
        6/1    1.25775
        7/1    1.25747
        8/1    1.25855
        9/1    1.25717
       10/1    1.25505
       11/1    1.25870
       12/1    1.25603
       13/1    1.25475
       14/1    1.26029
       15/1    1.25616
       16/1    1.25649
       17/1    1.25416
       18/1    1.25703
       19/1    1.25758
       20/1    1.25662
       21/1    1.25137
       22/1    1.25907
       23/1    1.25423
       24/1    1.25028
       25/1    1.25868
       26/1    1.25702
       27/1    1.25591
       28/1    1.25938
       29/1    1.25772
       30/1    1.25689
       31/1    1.25489
       32/1    1.25478
       33/1    1.25915
       34/1    1.25428
       35/1    1.25830
       36/1    1.25654
       37/1    1.25561
       38/1    1.25565
       39/1    1.25793
       40/1    1.25925
       41/1    1.25479
       42/1    1.25745
       43/1    1.25692
       44/1    1.25745
       45/1    1.25637
       46/1    1.25635
       47/1    1.25813
       48/1    1.25483
       49/1    1.25687
       50/1    1.25523
       51/1    1.25761
       52/1    1.25484    1.25623 +/- 0.00139
       53/1    1.25718    1.25654 +/- 0.00086
       54/1    1.25485    1.25612 +/- 0.00074
       55/1    1.25572    1.25604 +/- 0.00058
       56/1    1.25779    1.25633 +/- 0.00056
       57/1    1.25712    1.25644 +/- 0.00048
       58/1    1.25673    1.25648 +/- 0.00042
       59/1    1.25503    1.25632 +/- 0.00040
       60/1    1.25714    1.25640 +/- 0.00037
       61/1    1.25399    1.25618 +/- 0.00040
       62/1    1.26064    1.25655 +/- 0.00052
       63/1    1.25932    1.25677 +/- 0.00052
       64/1    1.25475    1.25662 +/- 0.00051
       65/1    1.25798    1.25671 +/- 0.00048
       66/1    1.25637    1.25669 +/- 0.00045
       67/1    1.25949    1.25686 +/- 0.00045
       68/1    1.25871    1.25696 +/- 0.00044
       69/1    1.25688    1.25695 +/- 0.00042
       70/1    1.25677    1.25695 +/- 0.00039
       71/1    1.25508    1.25686 +/- 0.00039
       72/1    1.25442    1.25675 +/- 0.00038
       73/1    1.25989    1.25688 +/- 0.00039
       74/1    1.25633    1.25686 +/- 0.00038
       75/1    1.25656    1.25685 +/- 0.00036
       76/1    1.25587    1.25681 +/- 0.00035
       77/1    1.25724    1.25683 +/- 0.00034
       78/1    1.25587    1.25679 +/- 0.00033
       79/1    1.25924    1.25688 +/- 0.00033
       80/1    1.25722    1.25689 +/- 0.00031
       81/1    1.25666    1.25688 +/- 0.00030
       82/1    1.25688    1.25688 +/- 0.00029
       83/1    1.25439    1.25680 +/- 0.00030
       84/1    1.25994    1.25690 +/- 0.00030
       85/1    1.25459    1.25683 +/- 0.00030
       86/1    1.25767    1.25685 +/- 0.00029
       87/1    1.25594    1.25683 +/- 0.00028
       88/1    1.25344    1.25674 +/- 0.00029
       89/1    1.25965    1.25681 +/- 0.00029
       90/1    1.25398    1.25674 +/- 0.00029
       91/1    1.25552    1.25671 +/- 0.00029
       92/1    1.25502    1.25667 +/- 0.00028
       93/1    1.26024    1.25676 +/- 0.00029
       94/1    1.25790    1.25678 +/- 0.00028
       95/1    1.25926    1.25684 +/- 0.00028
       96/1    1.25776    1.25686 +/- 0.00028
       97/1    1.25637    1.25685 +/- 0.00027
       98/1    1.25525    1.25681 +/- 0.00027
       99/1    1.25928    1.25686 +/- 0.00027
      100/1    1.25827    1.25689 +/- 0.00026
      101/1    1.25696    1.25689 +/- 0.00026
      102/1    1.25689    1.25689 +/- 0.00025
      103/1    1.25787    1.25691 +/- 0.00025
      104/1    1.25608    1.25690 +/- 0.00025
      105/1    1.25792    1.25692 +/- 0.00024
      106/1    1.25606    1.25690 +/- 0.00024
      107/1    1.25187    1.25681 +/- 0.00025
      108/1    1.25671    1.25681 +/- 0.00025
      109/1    1.25530    1.25678 +/- 0.00024
      110/1    1.26045    1.25685 +/- 0.00025
      111/1    1.25873    1.25688 +/- 0.00024
      112/1    1.25639    1.25687 +/- 0.00024
      113/1    1.25484    1.25684 +/- 0.00024
      114/1    1.25784    1.25685 +/- 0.00024
      115/1    1.25546    1.25683 +/- 0.00023
      116/1    1.25683    1.25683 +/- 0.00023
      117/1    1.26155    1.25690 +/- 0.00024
      118/1    1.25764    1.25691 +/- 0.00023
      119/1    1.25520    1.25689 +/- 0.00023
      120/1    1.25375    1.25684 +/- 0.00023
      121/1    1.25570    1.25683 +/- 0.00023
      122/1    1.25828    1.25685 +/- 0.00023
      123/1    1.25822    1.25687 +/- 0.00022
      124/1    1.25544    1.25685 +/- 0.00022
      125/1    1.25470    1.25682 +/- 0.00022
      126/1    1.25707    1.25682 +/- 0.00022
      127/1    1.25857    1.25684 +/- 0.00022
      128/1    1.25923    1.25687 +/- 0.00022
      129/1    1.25474    1.25685 +/- 0.00022
      130/1    1.25633    1.25684 +/- 0.00021
      131/1    1.25955    1.25687 +/- 0.00021
      132/1    1.26019    1.25691 +/- 0.00021
      133/1    1.25460    1.25689 +/- 0.00021
      134/1    1.25302    1.25684 +/- 0.00022
      135/1    1.25710    1.25684 +/- 0.00021
      136/1    1.25348    1.25680 +/- 0.00021
      137/1    1.25860    1.25683 +/- 0.00021
      138/1    1.25860    1.25685 +/- 0.00021
      139/1    1.25662    1.25684 +/- 0.00021
      140/1    1.25791    1.25685 +/- 0.00021
      141/1    1.25997    1.25689 +/- 0.00021
      142/1    1.25619    1.25688 +/- 0.00021
      143/1    1.25726    1.25689 +/- 0.00020
      144/1    1.25657    1.25688 +/- 0.00020
      145/1    1.25265    1.25684 +/- 0.00020
      146/1    1.25837    1.25685 +/- 0.00020
      147/1    1.25519    1.25684 +/- 0.00020
      148/1    1.25428    1.25681 +/- 0.00020
      149/1    1.25784    1.25682 +/- 0.00020
      150/1    1.25624    1.25681 +/- 0.00020
      151/1    1.25868    1.25683 +/- 0.00020
      152/1    1.25800    1.25684 +/- 0.00019
      153/1    1.25933    1.25687 +/- 0.00019
      154/1    1.26218    1.25692 +/- 0.00020
      155/1    1.25474    1.25690 +/- 0.00020
      156/1    1.25452    1.25688 +/- 0.00020
      157/1    1.25611    1.25687 +/- 0.00020
      158/1    1.25580    1.25686 +/- 0.00019
      159/1    1.25449    1.25684 +/- 0.00019
      160/1    1.25865    1.25685 +/- 0.00019
      161/1    1.25789    1.25686 +/- 0.00019
      162/1    1.25647    1.25686 +/- 0.00019
      163/1    1.25726    1.25686 +/- 0.00019
      164/1    1.25606    1.25686 +/- 0.00019
      165/1    1.25294    1.25682 +/- 0.00019
      166/1    1.25623    1.25682 +/- 0.00019
      167/1    1.25573    1.25681 +/- 0.00018
      168/1    1.25640    1.25680 +/- 0.00018
      169/1    1.25486    1.25679 +/- 0.00018
      170/1    1.25795    1.25680 +/- 0.00018
      171/1    1.25718    1.25680 +/- 0.00018
      172/1    1.25772    1.25681 +/- 0.00018
      173/1    1.25390    1.25679 +/- 0.00018
      174/1    1.25240    1.25675 +/- 0.00018
      175/1    1.25283    1.25672 +/- 0.00018
      176/1    1.25650    1.25672 +/- 0.00018
      177/1    1.25726    1.25672 +/- 0.00018
      178/1    1.25871    1.25674 +/- 0.00018
      179/1    1.25357    1.25671 +/- 0.00018
      180/1    1.25729    1.25672 +/- 0.00018
      181/1    1.25814    1.25673 +/- 0.00018
      182/1    1.25680    1.25673 +/- 0.00017
      183/1    1.25710    1.25673 +/- 0.00017
      184/1    1.25497    1.25672 +/- 0.00017
      185/1    1.25728    1.25672 +/- 0.00017
      186/1    1.25608    1.25672 +/- 0.00017
      187/1    1.25664    1.25672 +/- 0.00017
      188/1    1.25580    1.25671 +/- 0.00017
      189/1    1.25701    1.25671 +/- 0.00017
      190/1    1.25631    1.25671 +/- 0.00017
      191/1    1.25458    1.25669 +/- 0.00016
      192/1    1.25989    1.25672 +/- 0.00017
      193/1    1.25912    1.25673 +/- 0.00016
      194/1    1.25877    1.25675 +/- 0.00016
      195/1    1.25308    1.25672 +/- 0.00017
      196/1    1.25759    1.25673 +/- 0.00016
      197/1    1.25879    1.25674 +/- 0.00016
      198/1    1.25068    1.25670 +/- 0.00017
      199/1    1.25909    1.25672 +/- 0.00017
      200/1    1.25455    1.25670 +/- 0.00017
      201/1    1.25782    1.25671 +/- 0.00017
      202/1    1.25653    1.25671 +/- 0.00016
      203/1    1.25553    1.25670 +/- 0.00016
      204/1    1.25738    1.25671 +/- 0.00016
      205/1    1.25918    1.25672 +/- 0.00016
      206/1    1.25649    1.25672 +/- 0.00016
      207/1    1.25714    1.25672 +/- 0.00016
      208/1    1.25222    1.25669 +/- 0.00016
      209/1    1.26102    1.25672 +/- 0.00016
      210/1    1.25581    1.25672 +/- 0.00016
      211/1    1.25757    1.25672 +/- 0.00016
      212/1    1.25674    1.25672 +/- 0.00016
      213/1    1.25575    1.25672 +/- 0.00016
      214/1    1.25964    1.25673 +/- 0.00016
      215/1    1.25872    1.25675 +/- 0.00016
      216/1    1.25623    1.25674 +/- 0.00016
      217/1    1.26126    1.25677 +/- 0.00016
      218/1    1.25843    1.25678 +/- 0.00016
      219/1    1.25698    1.25678 +/- 0.00016
      220/1    1.25616    1.25678 +/- 0.00016
      221/1    1.25888    1.25679 +/- 0.00016
      222/1    1.25730    1.25679 +/- 0.00016
      223/1    1.25559    1.25678 +/- 0.00016
      224/1    1.25860    1.25680 +/- 0.00015
      225/1    1.25822    1.25680 +/- 0.00015
      226/1    1.25816    1.25681 +/- 0.00015
      227/1    1.25876    1.25682 +/- 0.00015
      228/1    1.26006    1.25684 +/- 0.00015
      229/1    1.25742    1.25684 +/- 0.00015
      230/1    1.25536    1.25684 +/- 0.00015
      231/1    1.25747    1.25684 +/- 0.00015
      232/1    1.25841    1.25685 +/- 0.00015
      233/1    1.25927    1.25686 +/- 0.00015
      234/1    1.26247    1.25689 +/- 0.00015
      235/1    1.25709    1.25689 +/- 0.00015
      236/1    1.25496    1.25688 +/- 0.00015
      237/1    1.25827    1.25689 +/- 0.00015
      238/1    1.25760    1.25689 +/- 0.00015
      239/1    1.25403    1.25688 +/- 0.00015
      240/1    1.25858    1.25689 +/- 0.00015
      241/1    1.25679    1.25689 +/- 0.00015
      242/1    1.25860    1.25690 +/- 0.00015
      243/1    1.25350    1.25688 +/- 0.00015
      244/1    1.25710    1.25688 +/- 0.00015
      245/1    1.25381    1.25686 +/- 0.00015
      246/1    1.25498    1.25685 +/- 0.00015
      247/1    1.25782    1.25686 +/- 0.00015
      248/1    1.25880    1.25687 +/- 0.00015
      249/1    1.25804    1.25687 +/- 0.00015
      250/1    1.25860    1.25688 +/- 0.00014
      251/1    1.25601    1.25688 +/- 0.00014
      252/1    1.25844    1.25689 +/- 0.00014
      253/1    1.25559    1.25688 +/- 0.00014
      254/1    1.25870    1.25689 +/- 0.00014
      255/1    1.25679    1.25689 +/- 0.00014
      256/1    1.25621    1.25689 +/- 0.00014
      257/1    1.25536    1.25688 +/- 0.00014
      258/1    1.25659    1.25688 +/- 0.00014
      259/1    1.25619    1.25687 +/- 0.00014
      260/1    1.25222    1.25685 +/- 0.00014
      261/1    1.25612    1.25685 +/- 0.00014
      262/1    1.25420    1.25683 +/- 0.00014
      263/1    1.25528    1.25683 +/- 0.00014
      264/1    1.25677    1.25683 +/- 0.00014
      265/1    1.25732    1.25683 +/- 0.00014
      266/1    1.25907    1.25684 +/- 0.00014
      267/1    1.25499    1.25683 +/- 0.00014
      268/1    1.25522    1.25682 +/- 0.00014
      269/1    1.25880    1.25683 +/- 0.00014
      270/1    1.25729    1.25684 +/- 0.00014
      271/1    1.25415    1.25682 +/- 0.00014
      272/1    1.25765    1.25683 +/- 0.00014
      273/1    1.25573    1.25682 +/- 0.00013
      274/1    1.25736    1.25682 +/- 0.00013
      275/1    1.25634    1.25682 +/- 0.00013
      276/1    1.25537    1.25682 +/- 0.00013
      277/1    1.25942    1.25683 +/- 0.00013
      278/1    1.25327    1.25681 +/- 0.00013
      279/1    1.25841    1.25682 +/- 0.00013
      280/1    1.25983    1.25683 +/- 0.00013
      281/1    1.25314    1.25682 +/- 0.00013
      282/1    1.25467    1.25681 +/- 0.00013
      283/1    1.25359    1.25679 +/- 0.00013
      284/1    1.25493    1.25678 +/- 0.00013
      285/1    1.25704    1.25679 +/- 0.00013
      286/1    1.25488    1.25678 +/- 0.00013
      287/1    1.25617    1.25678 +/- 0.00013
      288/1    1.25718    1.25678 +/- 0.00013
      289/1    1.25752    1.25678 +/- 0.00013
      290/1    1.25702    1.25678 +/- 0.00013
      291/1    1.25826    1.25679 +/- 0.00013
      292/1    1.25506    1.25678 +/- 0.00013
      293/1    1.25509    1.25677 +/- 0.00013
      294/1    1.25590    1.25677 +/- 0.00013
      295/1    1.25708    1.25677 +/- 0.00013
      296/1    1.25525    1.25676 +/- 0.00013
      297/1    1.25683    1.25676 +/- 0.00013
      298/1    1.25655    1.25676 +/- 0.00013
      299/1    1.25598    1.25676 +/- 0.00013
      300/1    1.25814    1.25677 +/- 0.00013
 Creating state point statepoint.300.h5...

 =======================>     TIMING STATISTICS     <=======================

 Total time for initialization     = 1.0107e-02 seconds
   Reading cross sections          = 2.9553e-03 seconds
 Total time in simulation          = 7.0003e+03 seconds
   Time in transport only          = 6.9695e+03 seconds
   Time in inactive batches        = 1.7620e+02 seconds
   Time in active batches          = 6.8241e+03 seconds
   Time synchronizing fission bank = 2.2656e+01 seconds
     Sampling source sites         = 2.1763e+01 seconds
     SEND/RECV source sites        = 8.9162e-01 seconds
   Time accumulating tallies       = 1.2798e+00 seconds
   Time writing statepoints        = 5.2114e-02 seconds
 Total time for finalization       = 8.5077e-02 seconds
 Total time elapsed                = 7.0005e+03 seconds
 Calculation Rate (inactive)       = 141887 particles/second
 Calculation Rate (active)         = 18317.5 particles/second

 ============================>     RESULTS     <============================

 k-effective (Collision)     = 1.25661 +/- 0.00011
 k-effective (Track-length)  = 1.25677 +/- 0.00013
 k-effective (Absorption)    = 1.25668 +/- 0.00007
 Combined k-effective        = 1.25669 +/- 0.00007
 Leakage Fraction            = 0.00000 +/- 0.00000
