Discretization: N = 1024, G = 1, P = 1, A = 12, B = 12
Assembling Patch 1
Step            Ranks                     Compression  Elapsed Time (s)
J               9,43,16,4,4,4                  12.35        1.59
J_det           9,16,4                          0.79        2.95
R               9,61,57,16,4                    0.91        3.95
dR              9,65,111,30,8,2                 0.85        3.95
J_detRT         9,73,61,16,4                    0.74        4.04
JdR             9,80,103,30,8,2                 0.78        4.11
Intg_int        17                              4.24       10.39
Intg_str        56,2                            1.71       10.39
H               3,3,3,3,3,129                 284.55       10.39
S               1,1,1,1,1,17              4007237.73       10.39
F               1,1,1,1,1,17              4007237.73       10.39
Jx_det_in       1,1                             4.80       10.68
Jy_det_in       1,1                             4.80       10.68
Rx_in           1,1,1,1                        50.09       10.68
Ry_in           2,11,8,4                        1.65       10.68
Ox_in           2,2,2,1,1                     481.88       10.68
Oy_in           2,2,2,1,1                     481.88       10.68
ORx_in          1,1,1,1,1,1,1               19994.03       10.69
ORy_in          2,2,2,2,11,8,4               1407.69       10.69
ORJx_det_in     1,1,1,1,1,1,1               19994.03       10.70
ORJy_det_in     2,2,2,2,11,8,4               1407.69       10.70
Intg_bound_in   1,2,2,2,2                   82863.08       12.19
H_bound_in      2,2,2,2,2,2                 82301.02       12.19
B_in            2,2,2,2,2,2               7365607.02       12.19
Jx_det_out      1,4                             1.33       12.22
Jy_det_out      1,1                             4.80       12.22
Rx_out          2,14,8,2                        1.48       12.27
Ry_out          2,11,8,4                        1.65       12.27
Ox_out          2,2,2,1,1                     481.88       12.49
Oy_out          2,2,2,1,1                     481.88       12.49
ORx_out         3,44,36,72,32,8,2              21.65       12.57
ORy_out         2,2,2,2,11,8,4               1407.69       12.57
ORJx_det_out    3,44,36,72,32,8,2              21.65       12.66
ORJy_det_out    2,2,2,2,11,8,4               1407.69       12.66
Intg_bound_out  4,20,38,3                     700.69       13.37
H_bound_out     4,20,38,38,38,3               639.72       13.38
B_out           4,20,38,38,38,3               639.72       13.38

Final Operators
H               3,3,3,36                   856304.03       13.39
S               1,1,1,17                  4008715.33       13.39
F               1,1,1,17                  4008715.33       13.39
B_in            2,2,2,2                   7385622.26       13.39
B_out           4,20,38,3                   93740.39       13.39
Starting power iteration
-- (0): k = 0.93974208, Angular Flux L2-Error = 0.39479035, Elapsed Time = 11.522
-- (1): k = 0.98045776, Angular Flux L2-Error = 0.13562389, Elapsed Time = 22.878
-- (2): k = 0.99321186, Angular Flux L2-Error = 0.0475575, Elapsed Time = 34.119
-- (3): k = 0.99755417, Angular Flux L2-Error = 0.01767411, Elapsed Time = 45.343
-- (4): k = 0.99909879, Angular Flux L2-Error = 0.00669359, Elapsed Time = 56.547
-- (5): k = 0.99966151, Angular Flux L2-Error = 0.00255724, Elapsed Time = 67.768
-- (6): k = 0.99986926, Angular Flux L2-Error = 0.00098544, Elapsed Time = 78.985
-- (7): k = 0.99994654, Angular Flux L2-Error = 0.00038659, Elapsed Time = 90.141
-- (8): k = 0.99997541, Angular Flux L2-Error = 0.00015799, Elapsed Time = 101.259
-- (9): k = 0.99998622, Angular Flux L2-Error = 6.955e-05, Elapsed Time = 112.406
-- (10): k = 0.99999027, Angular Flux L2-Error = 3.394e-05, Elapsed Time = 123.706
-- (11): k = 0.9999918, Angular Flux L2-Error = 1.891e-05, Elapsed Time = 135.015
-- (12): k = 0.99999237, Angular Flux L2-Error = 1.19e-05, Elapsed Time = 146.262
-- (13): k = 0.99999258, Angular Flux L2-Error = 7.68e-06, Elapsed Time = 157.436
-- (14): k = 0.99999266, Angular Flux L2-Error = 4.87e-06, Elapsed Time = 168.612
-- (15): k = 0.99999269, Angular Flux L2-Error = 3.05e-06, Elapsed Time = 179.792
-- (16): k = 0.9999927, Angular Flux L2-Error = 1.91e-06, Elapsed Time = 190.947
-- (17): k = 0.99999271, Angular Flux L2-Error = 1.19e-06, Elapsed Time = 202.104
-- (18): k = 0.99999271, Angular Flux L2-Error = 7.7e-07, Elapsed Time = 213.238
-- (19): k = 0.99999271, Angular Flux L2-Error = 5.1e-07, Elapsed Time = 224.381
-- (20): k = 0.99999271, Angular Flux L2-Error = 3.5e-07, Elapsed Time = 235.542
-- (21): k = 0.99999271, Angular Flux L2-Error = 2.5e-07, Elapsed Time = 246.736
-- (22): k = 0.99999271, Angular Flux L2-Error = 1.8e-07, Elapsed Time = 257.955
-- (23): k = 0.99999271, Angular Flux L2-Error = 1.3e-07, Elapsed Time = 269.148
-- (24): k = 0.99999271, Angular Flux L2-Error = 1e-07, Elapsed Time = 280.336
-- (25): k = 0.99999271, Angular Flux L2-Error = 7e-08, Elapsed Time = 291.524
-- (26): k = 0.99999271, Angular Flux L2-Error = 6e-08, Elapsed Time = 302.68
-- (27): k = 0.99999271, Angular Flux L2-Error = 4e-08, Elapsed Time = 313.821
-- (28): k = 0.99999271, Angular Flux L2-Error = 3e-08, Elapsed Time = 324.956
-- (29): k = 0.99999271, Angular Flux L2-Error = 3e-08, Elapsed Time = 336.072
-- (30): k = 0.99999271, Angular Flux L2-Error = 2e-08, Elapsed Time = 347.181
-- (31): k = 0.99999271, Angular Flux L2-Error = 2e-08, Elapsed Time = 358.397
-- (32): k = 0.99999271, Angular Flux L2-Error = 1e-08, Elapsed Time = 369.043
-- (33): k = 0.99999271, Angular Flux L2-Error = 0.0, Elapsed Time = 369.079
-- Converged: k = 0.99999271, Elapsed Time = 369.079
keff error: -0.7289655032161058 pcm
[0.29468214 0.2947018  0.29472018 0.29473731 0.29475322 0.29476795
 0.29478152 0.29479397 0.29480533 0.29481563 0.2948249  0.29483317
 0.29484048 0.29484686 0.29485234 0.29485696 0.29486075 0.29486374
 0.29486596 0.29486746 0.29486826 0.2948684  0.29486792 0.29486684
 0.29486521 0.29486306 0.29486043 0.29485735 0.29485385 0.29484998
 0.29484576 0.29484125 0.29483647 0.29483145 0.29482625 0.29482089
 0.29481542 0.29480986 0.29480427 0.29479867 0.29479311 0.29478762
 0.29478224 0.29477702 0.29477199 0.29476718 0.29476262 0.2947583
 0.2947542  0.29475034 0.29474669 0.29474327 0.29474006 0.29473707
 0.29473427 0.29473168 0.29472929 0.29472708 0.29472507 0.29472323
 0.29472157 0.29472009 0.29471878 0.29471762 0.29471663 0.29471579
 0.2947151  0.29471455 0.29471414 0.29471386 0.29471372 0.2947137
 0.29471379 0.294714   0.29471432 0.29471474 0.29471526 0.29471587
 0.29471657 0.29471735 0.29471821 0.29471914 0.29472014 0.2947212
 0.29472232 0.29472348 0.29472469 0.29472594 0.29472723 0.29472854
 0.29472988 0.29473125 0.29473265 0.29473408 0.29473555 0.29473705
 0.2947386  0.29474019 0.29474183 0.29474351 0.29474525 0.29474704
 0.29474888 0.29475078 0.29475275 0.29475478 0.29475687 0.29475904
 0.29476127 0.29476358 0.29476596 0.29476843 0.29477098 0.29477361
 0.29477633 0.29477913 0.29478203 0.29478503 0.29478812 0.29479131
 0.29479461 0.29479801 0.29480151 0.29480513 0.29480886 0.29481271
 0.29481668 0.29482077 0.29482498 0.29482931 0.29483378 0.29483838
 0.29484311 0.29484798 0.29485298 0.29485812 0.29486337 0.29486873
 0.29487419 0.29487973 0.29488535 0.29489103 0.29489677 0.29490255
 0.29490836 0.2949142  0.29492004 0.29492589 0.29493172 0.29493753
 0.29494331 0.29494904 0.29495472 0.29496033 0.29496586 0.29497131
 0.29497665 0.29498189 0.294987   0.29499199 0.29499682 0.29500151
 0.29500603 0.29501037 0.29501452 0.29501847 0.29502221 0.29502573
 0.29502902 0.29503207 0.29503486 0.29503738 0.29503963 0.29504158
 0.29504324 0.29504459 0.29504562 0.29504631 0.29504666 0.29504668
 0.29504637 0.29504575 0.29504483 0.29504364 0.29504218 0.29504046
 0.29503851 0.29503634 0.29503396 0.29503139 0.29502863 0.29502572
 0.29502265 0.29501944 0.29501612 0.29501269 0.29500917 0.29500557
 0.29500191 0.2949982  0.29499446 0.2949907  0.29498693 0.29498318
 0.29497945 0.29497576 0.29497213 0.29496856 0.29496508 0.2949617
 0.29495843 0.29495529 0.29495229 0.29494945 0.29494678 0.29494429
 0.29494201 0.29493994 0.2949381  0.2949365  0.29493516 0.2949341
 0.29493332 0.29493283 0.29493261 0.29493265 0.29493292 0.29493341
 0.29493411 0.29493499 0.29493603 0.29493722 0.29493853 0.29493996
 0.29494149 0.29494308 0.29494474 0.29494644 0.29494816 0.29494988
 0.29495159 0.29495327 0.2949549  0.29495646 0.29495794 0.29495931
 0.29496057 0.29496169 0.29496266 0.29496345 0.29496406 0.29496445
 0.29496463 0.29496456 0.29496424 0.29496363 0.29496274 0.29496153
 0.29496    0.29495812 0.29495588 0.29495327 0.29495025 0.29494683
 0.29494297 0.29493868 0.29493391 0.29492868 0.294923   0.29491689
 0.29491038 0.29490351 0.29489629 0.29488876 0.29488094 0.29487286
 0.29486454 0.29485602 0.29484732 0.29483846 0.29482948 0.2948204
 0.29481124 0.29480204 0.29479282 0.2947836  0.29477442 0.29476529
 0.29475625 0.29474732 0.29473853 0.2947299  0.29472146 0.29471324
 0.29470525 0.29469753 0.29469011 0.294683   0.29467623 0.29466983
 0.29466382 0.29465823 0.29465308 0.2946484  0.29464421 0.29464053
 0.2946374  0.29463483 0.29463285 0.29463149 0.29463076 0.29463069
 0.29463127 0.29463247 0.29463425 0.29463659 0.29463946 0.29464282
 0.29464664 0.2946509  0.29465556 0.29466059 0.29466596 0.29467165
 0.29467762 0.29468384 0.29469029 0.29469693 0.29470373 0.29471067
 0.29471771 0.29472483 0.29473199 0.29473917 0.29474634 0.29475347
 0.29476053 0.29476749 0.29477433 0.29478102 0.29478752 0.29479382
 0.29479987 0.29480567 0.29481116 0.29481634 0.29482118 0.29482563
 0.29482969 0.29483332 0.29483649 0.29483918 0.29484137 0.29484302
 0.29484411 0.29484461 0.29484453 0.2948439  0.29484275 0.29484114
 0.2948391  0.29483667 0.29483389 0.29483079 0.29482742 0.29482382
 0.29482001 0.29481606 0.29481198 0.29480782 0.29480362 0.29479941
 0.29479523 0.29479112 0.29478712 0.29478326 0.29477958 0.29477611
 0.29477289 0.29476997 0.29476736 0.29476512 0.29476327 0.29476184
 0.29476089 0.29476043 0.29476051 0.29476115 0.2947624  0.29476428
 0.29476683 0.29477009 0.29477408 0.29477884 0.2947844  0.2947908
 0.29479806 0.29480623 0.29481532 0.29482538]
0.0076512422125618006
0.0007706074152591263
